2024-09-16 17:41:34 [restartedMain] INFO  : Starting LoggingAndActuatorApplication using Java 22.0.1 with PID 18732 (C:\Users\Gertrude\Downloads\LoggingAndActuator\LoggingAndActuator\target\classes started by Gertrude in C:\Users\Gertrude\Downloads\LoggingAndActuator\LoggingAndActuator)
2024-09-16 17:41:34 [restartedMain] DEBUG : Running with Spring Boot v3.3.3, Spring v6.1.12
2024-09-16 17:41:34 [restartedMain] INFO  : No active profile set, falling back to 1 default profile: "default"
2024-09-16 17:41:35 [restartedMain] INFO  : Tomcat initialized with port 8080 (http)
2024-09-16 17:41:35 [restartedMain] INFO  : Initializing ProtocolHandler ["http-nio-8080"]
2024-09-16 17:41:35 [restartedMain] INFO  : Starting service [Tomcat]
2024-09-16 17:41:35 [restartedMain] INFO  : Starting Servlet engine: [Apache Tomcat/10.1.28]
2024-09-16 17:41:35 [restartedMain] INFO  : Initializing Spring embedded WebApplicationContext
2024-09-16 17:41:35 [restartedMain] INFO  : Root WebApplicationContext: initialization completed in 808 ms
2024-09-16 17:41:35 [restartedMain] INFO  : LiveReload server is running on port 35729
2024-09-16 17:41:35 [restartedMain] INFO  : Exposing 1 endpoint beneath base path '/actuator'
2024-09-16 17:41:35 [restartedMain] INFO  : Starting ProtocolHandler ["http-nio-8080"]
2024-09-16 17:41:35 [restartedMain] INFO  : Tomcat started on port 8080 (http) with context path '/'
2024-09-16 17:41:35 [restartedMain] INFO  : Started LoggingAndActuatorApplication in 1.162 seconds (process running for 5940.038)
2024-09-16 17:41:35 [restartedMain] INFO  : Condition evaluation unchanged
2024-09-16 17:41:39 [restartedMain] INFO  : Starting LoggingAndActuatorApplication using Java 22.0.1 with PID 13752 (C:\Users\Gertrude\Downloads\LoggingAndActuator\LoggingAndActuator\target\classes started by Gertrude in C:\Users\Gertrude\Downloads\LoggingAndActuator\LoggingAndActuator)
2024-09-16 17:41:39 [restartedMain] DEBUG : Running with Spring Boot v3.3.3, Spring v6.1.12
2024-09-16 17:41:39 [restartedMain] INFO  : No active profile set, falling back to 1 default profile: "default"
2024-09-16 17:41:39 [restartedMain] INFO  : Devtools property defaults active! Set 'spring.devtools.add-properties' to 'false' to disable
2024-09-16 17:41:39 [restartedMain] INFO  : For additional web related logging consider setting the 'logging.level.web' property to 'DEBUG'
2024-09-16 17:41:41 [restartedMain] INFO  : Tomcat initialized with port 8080 (http)
2024-09-16 17:41:41 [restartedMain] INFO  : Initializing ProtocolHandler ["http-nio-8080"]
2024-09-16 17:41:41 [restartedMain] INFO  : Starting service [Tomcat]
2024-09-16 17:41:41 [restartedMain] INFO  : Starting Servlet engine: [Apache Tomcat/10.1.28]
2024-09-16 17:41:41 [restartedMain] INFO  : Initializing Spring embedded WebApplicationContext
2024-09-16 17:41:41 [restartedMain] INFO  : Root WebApplicationContext: initialization completed in 2244 ms
2024-09-16 17:41:42 [restartedMain] INFO  : LiveReload server is running on port 35729
2024-09-16 17:41:42 [restartedMain] INFO  : Exposing 1 endpoint beneath base path '/actuator'
2024-09-16 17:41:43 [restartedMain] INFO  : Starting ProtocolHandler ["http-nio-8080"]
2024-09-16 17:41:43 [restartedMain] INFO  : Tomcat started on port 8080 (http) with context path '/'
2024-09-16 17:41:43 [restartedMain] INFO  : Started LoggingAndActuatorApplication in 4.238 seconds (process running for 5.752)
2024-09-16 17:41:43 [RMI TCP Connection(2)-192.168.1.76] INFO  : Initializing Spring DispatcherServlet 'dispatcherServlet'
2024-09-16 17:41:43 [RMI TCP Connection(2)-192.168.1.76] INFO  : Initializing Servlet 'dispatcherServlet'
2024-09-16 17:41:43 [RMI TCP Connection(2)-192.168.1.76] INFO  : Completed initialization in 2 ms
2024-09-16 17:42:25 [http-nio-8080-exec-1] INFO  : Log level: INFO
2024-09-16 17:42:25 [http-nio-8080-exec-1] DEBUG : Log level: DEBUG
2024-09-16 17:42:25 [http-nio-8080-exec-1] ERROR : Log level: ERROR
2024-09-16 17:42:25 [http-nio-8080-exec-1] WARN  : Log level: WARN
2024-09-16 17:42:28 [http-nio-8080-exec-3] INFO  : Log level: INFO
2024-09-16 17:42:28 [http-nio-8080-exec-3] DEBUG : Log level: DEBUG
2024-09-16 17:42:28 [http-nio-8080-exec-3] ERROR : Log level: ERROR
2024-09-16 17:42:28 [http-nio-8080-exec-3] WARN  : Log level: WARN
2024-09-16 17:42:28 [http-nio-8080-exec-2] INFO  : Log level: INFO
2024-09-16 17:42:28 [http-nio-8080-exec-2] DEBUG : Log level: DEBUG
2024-09-16 17:42:28 [http-nio-8080-exec-2] ERROR : Log level: ERROR
2024-09-16 17:42:28 [http-nio-8080-exec-2] WARN  : Log level: WARN
